2025-08-20 22:08:41,811 - INFO - Fetched 20 videos from YouTube for keyword 'Data'
2025-08-20 22:08:42,653 - INFO - Fetched 20 tweets from Twitter API
2025-08-20 22:08:42,671 - INFO - Transformed 40 posts
2025-08-20 22:08:42,687 - INFO - Analysis completed
2025-08-20 22:08:42,703 - INFO - Pipeline completed! Saved 40 posts, 1 daily metrics, 6 top posts, 1 moving averages
2025-08-20 22:40:19,758 - INFO - Fetched 20 videos from YouTube for keyword 'Data'
2025-08-20 22:40:20,687 - WARNING - Too Many Requests. Waiting 15 seconds before retrying...
2025-08-20 22:40:36,444 - WARNING - Too Many Requests. Waiting 15 seconds before retrying...
2025-08-20 22:40:52,116 - WARNING - Too Many Requests. Waiting 15 seconds before retrying...
2025-08-20 22:41:11,195 - INFO - Fetched 20 videos from YouTube for keyword 'Data'
2025-08-20 22:41:11,855 - WARNING - Too Many Requests. Waiting 15 seconds before retrying...
2025-08-20 22:41:39,201 - INFO - Fetched 20 videos from YouTube for keyword 'Data'
2025-08-20 22:41:39,879 - WARNING - Too Many Requests. Waiting 15 seconds before retrying...
2025-08-20 22:41:55,531 - WARNING - Too Many Requests. Waiting 15 seconds before retrying...
2025-08-20 22:42:11,235 - WARNING - Too Many Requests. Waiting 15 seconds before retrying...
2025-08-20 22:42:26,237 - ERROR - Failed to fetch Twitter data after 3 retries
2025-08-20 22:42:26,253 - INFO - Transformed 20 posts
2025-08-20 22:42:26,350 - INFO - Analysis completed
2025-08-20 22:42:26,375 - ERROR - Pipeline error: [Errno 13] Permission denied: 'daily_metrics.csv'
2025-08-20 22:44:41,216 - INFO - Fetched 20 videos from YouTube for keyword 'Data'
2025-08-20 22:44:41,742 - WARNING - Too Many Requests. Waiting 15 seconds before retrying...
2025-08-20 22:44:57,276 - WARNING - Too Many Requests. Waiting 15 seconds before retrying...
2025-08-20 22:45:13,011 - WARNING - Too Many Requests. Waiting 15 seconds before retrying...
2025-08-20 22:45:28,012 - ERROR - Failed to fetch Twitter data after 3 retries
2025-08-20 22:45:28,033 - INFO - Transformed 20 posts
2025-08-20 22:45:28,058 - INFO - Analysis completed
2025-08-20 22:45:28,072 - ERROR - Pipeline error: [Errno 13] Permission denied: 'daily_metrics.csv'
2025-08-20 22:47:17,704 - INFO - Fetched 20 videos from YouTube for keyword 'Data'
2025-08-20 22:47:18,304 - WARNING - Too Many Requests. Waiting 15 seconds before retrying...
2025-08-20 22:47:33,862 - WARNING - Too Many Requests. Waiting 15 seconds before retrying...
2025-08-20 22:47:49,454 - WARNING - Too Many Requests. Waiting 15 seconds before retrying...
2025-08-20 22:48:04,455 - ERROR - Failed to fetch Twitter data after 3 retries
2025-08-20 22:48:04,471 - INFO - Transformed 20 posts
2025-08-20 22:48:04,502 - INFO - Analysis completed
2025-08-20 22:48:04,534 - INFO - Pipeline completed! Saved 20 posts, 2 daily metrics, 5 top posts, 2 moving averages
2025-08-20 23:10:19,861 - INFO - Fetched 20 videos from YouTube for keyword 'Data'
2025-08-20 23:10:20,459 - WARNING - Too Many Requests. Waiting 15 seconds before retrying...
2025-08-20 23:10:36,130 - WARNING - Too Many Requests. Waiting 15 seconds before retrying...
2025-08-20 23:10:51,828 - WARNING - Too Many Requests. Waiting 15 seconds before retrying...
2025-08-20 23:11:06,836 - ERROR - Failed to fetch Twitter data after 3 retries
2025-08-20 23:11:06,858 - INFO - Transformed 20 posts
2025-08-20 23:11:06,889 - INFO - Analysis completed
2025-08-20 23:11:06,920 - INFO - Pipeline completed! Saved 20 posts, 1 daily metrics, 5 top posts, 1 moving averages
2025-08-20 23:12:09,475 - INFO - Fetched 20 videos from YouTube for keyword 'Marketing'
2025-08-20 23:12:10,035 - WARNING - Too Many Requests. Waiting 15 seconds before retrying...
2025-08-20 23:12:25,598 - WARNING - Too Many Requests. Waiting 15 seconds before retrying...
2025-08-20 23:12:41,154 - WARNING - Too Many Requests. Waiting 15 seconds before retrying...
2025-08-20 23:12:56,162 - ERROR - Failed to fetch Twitter data after 3 retries
2025-08-20 23:12:56,173 - INFO - Transformed 20 posts
2025-08-20 23:12:56,173 - INFO - Analysis completed
2025-08-20 23:12:56,188 - INFO - Pipeline completed! Saved 20 posts, 1 daily metrics, 5 top posts, 1 moving averages
2025-08-20 23:20:43,294 - INFO - Fetched 20 videos from YouTube for keyword 'Marketing'
2025-08-20 23:20:43,875 - WARNING - Too Many Requests. Waiting 15 seconds before retrying...
2025-08-20 23:20:59,529 - WARNING - Too Many Requests. Waiting 15 seconds before retrying...
2025-08-20 23:21:15,184 - WARNING - Too Many Requests. Waiting 15 seconds before retrying...
2025-08-20 23:21:30,195 - ERROR - Failed to fetch Twitter data after 3 retries
2025-08-20 23:21:30,212 - INFO - Transformed 20 posts
2025-08-20 23:21:30,227 - INFO - Analysis completed
2025-08-20 23:21:30,259 - INFO - Pipeline completed! Saved 20 posts, 1 daily metrics, 5 top posts, 1 moving averages
2025-08-20 23:28:03,753 - INFO - Fetched 20 videos from YouTube for keyword 'Python'
2025-08-20 23:28:04,366 - WARNING - Too Many Requests. Waiting 15 seconds before retrying...
2025-08-20 23:28:19,956 - WARNING - Too Many Requests. Waiting 15 seconds before retrying...
2025-08-20 23:28:35,493 - WARNING - Too Many Requests. Waiting 15 seconds before retrying...
2025-08-20 23:28:50,507 - ERROR - Failed to fetch Twitter data after 3 retries
2025-08-20 23:28:50,524 - INFO - Transformed 20 posts
2025-08-20 23:28:50,543 - INFO - Analysis completed
2025-08-20 23:28:50,565 - INFO - Pipeline completed! Saved 20 posts, 1 daily metrics, 5 top posts, 1 moving averages
2025-08-20 23:31:24,183 - INFO - Fetched 20 videos from YouTube for keyword 'Python'
2025-08-20 23:31:24,832 - WARNING - Too Many Requests. Waiting 15 seconds before retrying...
2025-08-20 23:31:40,642 - WARNING - Too Many Requests. Waiting 15 seconds before retrying...
2025-08-20 23:31:56,200 - WARNING - Too Many Requests. Waiting 15 seconds before retrying...
2025-08-20 23:32:11,214 - ERROR - Failed to fetch Twitter data after 3 retries
2025-08-20 23:32:11,261 - INFO - Transformed 20 posts
2025-08-20 23:32:11,339 - INFO - Analysis completed
2025-08-20 23:32:11,386 - INFO - Pipeline completed! Saved 20 posts, 1 daily metrics, 5 top posts, 1 moving averages
2025-08-20 23:48:08,152 - INFO - Fetched 20 videos from YouTube for keyword 'Python'
2025-08-20 23:48:08,887 - INFO - Fetched 20 tweets from Twitter API
2025-08-20 23:48:08,899 - INFO - Transformed 40 posts
2025-08-20 23:48:08,921 - INFO - Analysis completed
2025-08-20 23:48:08,944 - INFO - Pipeline completed! Saved 40 posts, 1 daily metrics, 7 top posts, 1 moving averages
2025-08-21 00:22:49,831 - INFO - Fetched 20 videos from YouTube for keyword 'Python'
2025-08-21 00:22:50,546 - INFO - Fetched 20 tweets from Twitter API
2025-08-21 00:22:50,575 - INFO - Transformed 40 posts
2025-08-21 00:22:50,618 - INFO - Analysis completed
2025-08-21 00:22:50,649 - INFO - Pipeline completed! Saved 40 posts, 1 daily metrics, 7 top posts, 1 moving averages
